<?xml version="1.0" encoding="UTF-8"?>
<!-- Generated by org.testng.reporters.JUnitReportReporter -->
<testsuite hostname="LAPTOP-DKKHGLKH" failures="0" tests="1" name="MyTests.TestTask" time="27.027" errors="0" timestamp="20 Jun 2021 07:51:05 GMT" skipped="0">
  <testcase classname="MyTests.TestTask" name="Mobile_shopping" time="27.027"/>
</testsuite> <!-- MyTests.TestTask -->
